25-Jul-2022 10:33:27.771 정보 [main] org.apache.catalina.startup.VersionLoggerListener.log 서버 버전 이름:    Apache Tomcat/10.0.22
25-Jul-2022 10:33:27.787 정보 [main] org.apache.catalina.startup.VersionLoggerListener.log Server 빌드 시각:  Jun 2 2022 16:53:56 UTC
25-Jul-2022 10:33:27.787 정보 [main] org.apache.catalina.startup.VersionLoggerListener.log Server 버전 번호:  10.0.22.0
25-Jul-2022 10:33:27.787 정보 [main] org.apache.catalina.startup.VersionLoggerListener.log 운영체제 이름:     Windows 10
25-Jul-2022 10:33:27.787 정보 [main] org.apache.catalina.startup.VersionLoggerListener.log 운영체제 버전:     10.0
25-Jul-2022 10:33:27.787 정보 [main] org.apache.catalina.startup.VersionLoggerListener.log 아키텍처:          amd64
25-Jul-2022 10:33:27.787 정보 [main] org.apache.catalina.startup.VersionLoggerListener.log 자바 홈:           C:\Program Files\Java\jdk1.8.0_261\jre
25-Jul-2022 10:33:27.787 정보 [main] org.apache.catalina.startup.VersionLoggerListener.log JVM 버전:          1.8.0_261-b12
25-Jul-2022 10:33:27.787 정보 [main] org.apache.catalina.startup.VersionLoggerListener.log JVM 벤더:          Oracle Corporation
25-Jul-2022 10:33:27.787 정보 [main] org.apache.catalina.startup.VersionLoggerListener.log CATALINA_BASE:     C:\Users\GreenArt\Desktop\apache-tomcat-10.0.22
25-Jul-2022 10:33:27.787 정보 [main] org.apache.catalina.startup.VersionLoggerListener.log CATALINA_HOME:     C:\Users\GreenArt\Desktop\apache-tomcat-10.0.22
25-Jul-2022 10:33:27.797 정보 [main] org.apache.catalina.startup.VersionLoggerListener.log 명령 행 아규먼트:  -Djava.util.logging.config.file=c:\Users\GreenArt\Desktop\apache-tomcat-10.0.22/conf/logging.properties
25-Jul-2022 10:33:27.797 정보 [main] org.apache.catalina.startup.VersionLoggerListener.log 명령 행 아규먼트:  -Djava.util.logging.manager=org.apache.juli.ClassLoaderLogManager
25-Jul-2022 10:33:27.797 정보 [main] org.apache.catalina.startup.VersionLoggerListener.log 명령 행 아규먼트:  -Djdk.tls.ephemeralDHKeySize=2048
25-Jul-2022 10:33:27.797 정보 [main] org.apache.catalina.startup.VersionLoggerListener.log 명령 행 아규먼트:  -Djava.protocol.handler.pkgs=org.apache.catalina.webresources
25-Jul-2022 10:33:27.797 정보 [main] org.apache.catalina.startup.VersionLoggerListener.log 명령 행 아규먼트:  -Dorg.apache.catalina.security.SecurityListener.UMASK=0027
25-Jul-2022 10:33:27.797 정보 [main] org.apache.catalina.startup.VersionLoggerListener.log 명령 행 아규먼트:  -Dcatalina.base=c:\Users\GreenArt\Desktop\apache-tomcat-10.0.22
25-Jul-2022 10:33:27.797 정보 [main] org.apache.catalina.startup.VersionLoggerListener.log 명령 행 아규먼트:  -Dcatalina.home=c:\Users\GreenArt\Desktop\apache-tomcat-10.0.22
25-Jul-2022 10:33:27.798 정보 [main] org.apache.catalina.startup.VersionLoggerListener.log 명령 행 아규먼트:  -Djava.io.tmpdir=c:\Users\GreenArt\Desktop\apache-tomcat-10.0.22/temp
25-Jul-2022 10:33:27.812 정보 [main] org.apache.catalina.core.AprLifecycleListener.lifecycleEvent APR 버전 [1.7.0]을(를) 사용한, APR 기반 Apache Tomcat Native 라이브러리 [1.2.33]을(를) 로드했습니다.
25-Jul-2022 10:33:27.813 정보 [main] org.apache.catalina.core.AprLifecycleListener.lifecycleEvent APR 용량정보들: IPv6 [true], sendfile [true], accept filters [false], random [true], UDS [true].
25-Jul-2022 10:33:27.826 정보 [main] org.apache.catalina.core.AprLifecycleListener.initializeSSL OpenSSL이 성공적으로 초기화되었습니다: [OpenSSL 1.1.1o  3 May 2022]
25-Jul-2022 10:33:28.323 정보 [main] org.apache.coyote.AbstractProtocol.init 프로토콜 핸들러 ["http-nio-8080"]을(를) 초기화합니다.
25-Jul-2022 10:33:28.351 정보 [main] org.apache.catalina.startup.Catalina.load [794] 밀리초 내에 서버가 초기화되었습니다.
25-Jul-2022 10:33:28.401 정보 [main] org.apache.catalina.core.StandardService.startInternal 서비스 [Catalina]을(를) 시작합니다.
25-Jul-2022 10:33:28.401 정보 [main] org.apache.catalina.core.StandardEngine.startInternal 서버 엔진을 시작합니다: [Apache Tomcat/10.0.22]
25-Jul-2022 10:33:28.419 정보 [main] org.apache.catalina.startup.HostConfig.deployDirectory 웹 애플리케이션 디렉토리 [C:\Users\GreenArt\Desktop\apache-tomcat-10.0.22\webapps\docs]을(를) 배치합니다.
25-Jul-2022 10:33:29.080 경고 [main] org.apache.catalina.util.SessionIdGeneratorBase.createSecureRandom [SHA1PRNG] 알고리즘을 사용하여, 세션 ID를 생성하기 위한 SecureRandom 객체를 생성하는데, [277] 밀리초가 소요됐습니다.
25-Jul-2022 10:33:29.144 정보 [main] org.apache.catalina.startup.HostConfig.deployDirectory 웹 애플리케이션 디렉토리 [C:\Users\GreenArt\Desktop\apache-tomcat-10.0.22\webapps\docs]에 대한 배치가 [725] 밀리초에 완료되었습니다.
25-Jul-2022 10:33:29.144 정보 [main] org.apache.catalina.startup.HostConfig.deployDirectory 웹 애플리케이션 디렉토리 [C:\Users\GreenArt\Desktop\apache-tomcat-10.0.22\webapps\examples]을(를) 배치합니다.
25-Jul-2022 10:33:30.823 정보 [main] org.apache.catalina.startup.HostConfig.deployDirectory 웹 애플리케이션 디렉토리 [C:\Users\GreenArt\Desktop\apache-tomcat-10.0.22\webapps\examples]에 대한 배치가 [1,679] 밀리초에 완료되었습니다.
25-Jul-2022 10:33:30.824 정보 [main] org.apache.catalina.startup.HostConfig.deployDirectory 웹 애플리케이션 디렉토리 [C:\Users\GreenArt\Desktop\apache-tomcat-10.0.22\webapps\host-manager]을(를) 배치합니다.
25-Jul-2022 10:33:30.914 정보 [main] org.apache.catalina.startup.HostConfig.deployDirectory 웹 애플리케이션 디렉토리 [C:\Users\GreenArt\Desktop\apache-tomcat-10.0.22\webapps\host-manager]에 대한 배치가 [90] 밀리초에 완료되었습니다.
25-Jul-2022 10:33:30.914 정보 [main] org.apache.catalina.startup.HostConfig.deployDirectory 웹 애플리케이션 디렉토리 [C:\Users\GreenArt\Desktop\apache-tomcat-10.0.22\webapps\manager]을(를) 배치합니다.
25-Jul-2022 10:33:30.988 정보 [main] org.apache.catalina.startup.HostConfig.deployDirectory 웹 애플리케이션 디렉토리 [C:\Users\GreenArt\Desktop\apache-tomcat-10.0.22\webapps\manager]에 대한 배치가 [74] 밀리초에 완료되었습니다.
25-Jul-2022 10:33:30.988 정보 [main] org.apache.catalina.startup.HostConfig.deployDirectory 웹 애플리케이션 디렉토리 [C:\Users\GreenArt\Desktop\apache-tomcat-10.0.22\webapps\ROOT]을(를) 배치합니다.
25-Jul-2022 10:33:31.051 정보 [main] org.apache.catalina.startup.HostConfig.deployDirectory 웹 애플리케이션 디렉토리 [C:\Users\GreenArt\Desktop\apache-tomcat-10.0.22\webapps\ROOT]에 대한 배치가 [63] 밀리초에 완료되었습니다.
25-Jul-2022 10:33:31.055 정보 [main] org.apache.coyote.AbstractProtocol.start 프로토콜 핸들러 ["http-nio-8080"]을(를) 시작합니다.
25-Jul-2022 10:33:31.072 정보 [main] org.apache.catalina.startup.Catalina.start 서버가 [2716] 밀리초 내에 시작되었습니다.
25-Jul-2022 10:33:39.781 정보 [main] org.apache.catalina.core.StandardServer.await 셧다운 포트를 통해 유효한 셧다운 명령을 받았습니다. 서버 인스턴스를 중지시킵니다.
25-Jul-2022 10:33:39.790 정보 [main] org.apache.coyote.AbstractProtocol.pause 프로토콜 핸들러 ["http-nio-8080"]을(를) 일시 정지 중
25-Jul-2022 10:33:39.831 정보 [main] org.apache.catalina.core.StandardService.stopInternal 서비스 [Catalina]을(를) 중지시킵니다.
25-Jul-2022 10:33:39.864 정보 [main] org.apache.coyote.AbstractProtocol.stop 프로토콜 핸들러 ["http-nio-8080"]을(를) 중지시킵니다.
25-Jul-2022 10:33:39.882 정보 [main] org.apache.coyote.AbstractProtocol.destroy 프로토콜 핸들러 ["http-nio-8080"]을(를) 소멸시킵니다.
25-Jul-2022 10:36:19.886 정보 [main] org.apache.catalina.startup.VersionLoggerListener.log 서버 버전 이름:    Apache Tomcat/10.0.22
25-Jul-2022 10:36:19.895 정보 [main] org.apache.catalina.startup.VersionLoggerListener.log Server 빌드 시각:  Jun 2 2022 16:53:56 UTC
25-Jul-2022 10:36:19.898 정보 [main] org.apache.catalina.startup.VersionLoggerListener.log Server 버전 번호:  10.0.22.0
25-Jul-2022 10:36:19.898 정보 [main] org.apache.catalina.startup.VersionLoggerListener.log 운영체제 이름:     Windows 10
25-Jul-2022 10:36:19.898 정보 [main] org.apache.catalina.startup.VersionLoggerListener.log 운영체제 버전:     10.0
25-Jul-2022 10:36:19.898 정보 [main] org.apache.catalina.startup.VersionLoggerListener.log 아키텍처:          amd64
25-Jul-2022 10:36:19.898 정보 [main] org.apache.catalina.startup.VersionLoggerListener.log 자바 홈:           C:\Program Files\Java\jdk1.8.0_261\jre
25-Jul-2022 10:36:19.898 정보 [main] org.apache.catalina.startup.VersionLoggerListener.log JVM 버전:          1.8.0_261-b12
25-Jul-2022 10:36:19.898 정보 [main] org.apache.catalina.startup.VersionLoggerListener.log JVM 벤더:          Oracle Corporation
25-Jul-2022 10:36:19.898 정보 [main] org.apache.catalina.startup.VersionLoggerListener.log CATALINA_BASE:     D:\01-STUDY\20220701\2022년6월시작\jsp\apache-tomcat-10.0.22
25-Jul-2022 10:36:19.898 정보 [main] org.apache.catalina.startup.VersionLoggerListener.log CATALINA_HOME:     D:\01-STUDY\20220701\2022년6월시작\jsp\apache-tomcat-10.0.22
25-Jul-2022 10:36:19.904 정보 [main] org.apache.catalina.startup.VersionLoggerListener.log 명령 행 아규먼트:  -Djava.util.logging.config.file=d:\01-STUDY\20220701\2022년6월시작\jsp\apache-tomcat-10.0.22/conf/logging.properties
25-Jul-2022 10:36:19.905 정보 [main] org.apache.catalina.startup.VersionLoggerListener.log 명령 행 아규먼트:  -Djava.util.logging.manager=org.apache.juli.ClassLoaderLogManager
25-Jul-2022 10:36:19.905 정보 [main] org.apache.catalina.startup.VersionLoggerListener.log 명령 행 아규먼트:  -Djdk.tls.ephemeralDHKeySize=2048
25-Jul-2022 10:36:19.905 정보 [main] org.apache.catalina.startup.VersionLoggerListener.log 명령 행 아규먼트:  -Djava.protocol.handler.pkgs=org.apache.catalina.webresources
25-Jul-2022 10:36:19.905 정보 [main] org.apache.catalina.startup.VersionLoggerListener.log 명령 행 아규먼트:  -Dorg.apache.catalina.security.SecurityListener.UMASK=0027
25-Jul-2022 10:36:19.906 정보 [main] org.apache.catalina.startup.VersionLoggerListener.log 명령 행 아규먼트:  -Dcatalina.base=d:\01-STUDY\20220701\2022년6월시작\jsp\apache-tomcat-10.0.22
25-Jul-2022 10:36:19.906 정보 [main] org.apache.catalina.startup.VersionLoggerListener.log 명령 행 아규먼트:  -Dcatalina.home=d:\01-STUDY\20220701\2022년6월시작\jsp\apache-tomcat-10.0.22
25-Jul-2022 10:36:19.907 정보 [main] org.apache.catalina.startup.VersionLoggerListener.log 명령 행 아규먼트:  -Djava.io.tmpdir=d:\01-STUDY\20220701\2022년6월시작\jsp\apache-tomcat-10.0.22/temp
25-Jul-2022 10:36:19.924 정보 [main] org.apache.catalina.core.AprLifecycleListener.lifecycleEvent APR 버전 [1.7.0]을(를) 사용한, APR 기반 Apache Tomcat Native 라이브러리 [1.2.33]을(를) 로드했습니다.
25-Jul-2022 10:36:19.925 정보 [main] org.apache.catalina.core.AprLifecycleListener.lifecycleEvent APR 용량정보들: IPv6 [true], sendfile [true], accept filters [false], random [true], UDS [true].
25-Jul-2022 10:36:19.945 정보 [main] org.apache.catalina.core.AprLifecycleListener.initializeSSL OpenSSL이 성공적으로 초기화되었습니다: [OpenSSL 1.1.1o  3 May 2022]
25-Jul-2022 10:36:20.460 정보 [main] org.apache.coyote.AbstractProtocol.init 프로토콜 핸들러 ["http-nio-8080"]을(를) 초기화합니다.
25-Jul-2022 10:36:20.492 정보 [main] org.apache.catalina.startup.Catalina.load [917] 밀리초 내에 서버가 초기화되었습니다.
25-Jul-2022 10:36:20.566 정보 [main] org.apache.catalina.core.StandardService.startInternal 서비스 [Catalina]을(를) 시작합니다.
25-Jul-2022 10:36:20.566 정보 [main] org.apache.catalina.core.StandardEngine.startInternal 서버 엔진을 시작합니다: [Apache Tomcat/10.0.22]
25-Jul-2022 10:36:20.578 정보 [main] org.apache.catalina.startup.HostConfig.deployDirectory 웹 애플리케이션 디렉토리 [D:\01-STUDY\20220701\2022년6월시작\jsp\apache-tomcat-10.0.22\webapps\docs]을(를) 배치합니다.
25-Jul-2022 10:36:21.189 경고 [main] org.apache.catalina.util.SessionIdGeneratorBase.createSecureRandom [SHA1PRNG] 알고리즘을 사용하여, 세션 ID를 생성하기 위한 SecureRandom 객체를 생성하는데, [168] 밀리초가 소요됐습니다.
25-Jul-2022 10:36:21.246 정보 [main] org.apache.catalina.startup.HostConfig.deployDirectory 웹 애플리케이션 디렉토리 [D:\01-STUDY\20220701\2022년6월시작\jsp\apache-tomcat-10.0.22\webapps\docs]에 대한 배치가 [668] 밀리초에 완료되었습니다.
25-Jul-2022 10:36:21.249 정보 [main] org.apache.catalina.startup.HostConfig.deployDirectory 웹 애플리케이션 디렉토리 [D:\01-STUDY\20220701\2022년6월시작\jsp\apache-tomcat-10.0.22\webapps\examples]을(를) 배치합니다.
25-Jul-2022 10:36:21.863 정보 [main] org.apache.catalina.startup.HostConfig.deployDirectory 웹 애플리케이션 디렉토리 [D:\01-STUDY\20220701\2022년6월시작\jsp\apache-tomcat-10.0.22\webapps\examples]에 대한 배치가 [614] 밀리초에 완료되었습니다.
25-Jul-2022 10:36:21.863 정보 [main] org.apache.catalina.startup.HostConfig.deployDirectory 웹 애플리케이션 디렉토리 [D:\01-STUDY\20220701\2022년6월시작\jsp\apache-tomcat-10.0.22\webapps\host-manager]을(를) 배치합니다.
25-Jul-2022 10:36:21.908 정보 [main] org.apache.catalina.startup.HostConfig.deployDirectory 웹 애플리케이션 디렉토리 [D:\01-STUDY\20220701\2022년6월시작\jsp\apache-tomcat-10.0.22\webapps\host-manager]에 대한 배치가 [45] 밀리초에 완료되었습니다.
25-Jul-2022 10:36:21.908 정보 [main] org.apache.catalina.startup.HostConfig.deployDirectory 웹 애플리케이션 디렉토리 [D:\01-STUDY\20220701\2022년6월시작\jsp\apache-tomcat-10.0.22\webapps\manager]을(를) 배치합니다.
25-Jul-2022 10:36:21.958 정보 [main] org.apache.catalina.startup.HostConfig.deployDirectory 웹 애플리케이션 디렉토리 [D:\01-STUDY\20220701\2022년6월시작\jsp\apache-tomcat-10.0.22\webapps\manager]에 대한 배치가 [50] 밀리초에 완료되었습니다.
25-Jul-2022 10:36:21.958 정보 [main] org.apache.catalina.startup.HostConfig.deployDirectory 웹 애플리케이션 디렉토리 [D:\01-STUDY\20220701\2022년6월시작\jsp\apache-tomcat-10.0.22\webapps\ROOT]을(를) 배치합니다.
25-Jul-2022 10:36:22.004 정보 [main] org.apache.catalina.startup.HostConfig.deployDirectory 웹 애플리케이션 디렉토리 [D:\01-STUDY\20220701\2022년6월시작\jsp\apache-tomcat-10.0.22\webapps\ROOT]에 대한 배치가 [46] 밀리초에 완료되었습니다.
25-Jul-2022 10:36:22.010 정보 [main] org.apache.coyote.AbstractProtocol.start 프로토콜 핸들러 ["http-nio-8080"]을(를) 시작합니다.
25-Jul-2022 10:36:22.026 정보 [main] org.apache.catalina.startup.Catalina.start 서버가 [1533] 밀리초 내에 시작되었습니다.
25-Jul-2022 10:36:59.949 정보 [main] org.apache.catalina.core.StandardServer.await 셧다운 포트를 통해 유효한 셧다운 명령을 받았습니다. 서버 인스턴스를 중지시킵니다.
25-Jul-2022 10:36:59.949 정보 [main] org.apache.coyote.AbstractProtocol.pause 프로토콜 핸들러 ["http-nio-8080"]을(를) 일시 정지 중
25-Jul-2022 10:36:59.998 정보 [main] org.apache.catalina.core.StandardService.stopInternal 서비스 [Catalina]을(를) 중지시킵니다.
25-Jul-2022 10:37:00.036 정보 [main] org.apache.coyote.AbstractProtocol.stop 프로토콜 핸들러 ["http-nio-8080"]을(를) 중지시킵니다.
25-Jul-2022 10:37:00.049 정보 [main] org.apache.coyote.AbstractProtocol.destroy 프로토콜 핸들러 ["http-nio-8080"]을(를) 소멸시킵니다.
25-Jul-2022 10:40:30.709 경고 [main] org.apache.tomcat.util.digester.Digester.endElement [Server/Service/Engine/Host/context]와(과) 부합하는 rule들을 찾을 수 없습니다.
25-Jul-2022 10:40:30.741 정보 [main] org.apache.catalina.startup.VersionLoggerListener.log 서버 버전 이름:    Apache Tomcat/10.0.22
25-Jul-2022 10:40:30.742 정보 [main] org.apache.catalina.startup.VersionLoggerListener.log Server 빌드 시각:  Jun 2 2022 16:53:56 UTC
25-Jul-2022 10:40:30.743 정보 [main] org.apache.catalina.startup.VersionLoggerListener.log Server 버전 번호:  10.0.22.0
25-Jul-2022 10:40:30.743 정보 [main] org.apache.catalina.startup.VersionLoggerListener.log 운영체제 이름:     Windows 10
25-Jul-2022 10:40:30.744 정보 [main] org.apache.catalina.startup.VersionLoggerListener.log 운영체제 버전:     10.0
25-Jul-2022 10:40:30.744 정보 [main] org.apache.catalina.startup.VersionLoggerListener.log 아키텍처:          amd64
25-Jul-2022 10:40:30.748 정보 [main] org.apache.catalina.startup.VersionLoggerListener.log 자바 홈:           C:\Program Files\Java\jdk1.8.0_261\jre
25-Jul-2022 10:40:30.749 정보 [main] org.apache.catalina.startup.VersionLoggerListener.log JVM 버전:          1.8.0_261-b12
25-Jul-2022 10:40:30.749 정보 [main] org.apache.catalina.startup.VersionLoggerListener.log JVM 벤더:          Oracle Corporation
25-Jul-2022 10:40:30.750 정보 [main] org.apache.catalina.startup.VersionLoggerListener.log CATALINA_BASE:     D:\01-STUDY\20220701\2022년6월시작\jsp\apache-tomcat-10.0.22
25-Jul-2022 10:40:30.750 정보 [main] org.apache.catalina.startup.VersionLoggerListener.log CATALINA_HOME:     D:\01-STUDY\20220701\2022년6월시작\jsp\apache-tomcat-10.0.22
25-Jul-2022 10:40:30.751 정보 [main] org.apache.catalina.startup.VersionLoggerListener.log 명령 행 아규먼트:  -Djava.util.logging.config.file=d:\01-STUDY\20220701\2022년6월시작\jsp\apache-tomcat-10.0.22/conf/logging.properties
25-Jul-2022 10:40:30.751 정보 [main] org.apache.catalina.startup.VersionLoggerListener.log 명령 행 아규먼트:  -Djava.util.logging.manager=org.apache.juli.ClassLoaderLogManager
25-Jul-2022 10:40:30.751 정보 [main] org.apache.catalina.startup.VersionLoggerListener.log 명령 행 아규먼트:  -Djdk.tls.ephemeralDHKeySize=2048
25-Jul-2022 10:40:30.751 정보 [main] org.apache.catalina.startup.VersionLoggerListener.log 명령 행 아규먼트:  -Djava.protocol.handler.pkgs=org.apache.catalina.webresources
25-Jul-2022 10:40:30.751 정보 [main] org.apache.catalina.startup.VersionLoggerListener.log 명령 행 아규먼트:  -Dorg.apache.catalina.security.SecurityListener.UMASK=0027
25-Jul-2022 10:40:30.751 정보 [main] org.apache.catalina.startup.VersionLoggerListener.log 명령 행 아규먼트:  -Dcatalina.base=d:\01-STUDY\20220701\2022년6월시작\jsp\apache-tomcat-10.0.22
25-Jul-2022 10:40:30.751 정보 [main] org.apache.catalina.startup.VersionLoggerListener.log 명령 행 아규먼트:  -Dcatalina.home=d:\01-STUDY\20220701\2022년6월시작\jsp\apache-tomcat-10.0.22
25-Jul-2022 10:40:30.752 정보 [main] org.apache.catalina.startup.VersionLoggerListener.log 명령 행 아규먼트:  -Djava.io.tmpdir=d:\01-STUDY\20220701\2022년6월시작\jsp\apache-tomcat-10.0.22/temp
25-Jul-2022 10:40:30.768 정보 [main] org.apache.catalina.core.AprLifecycleListener.lifecycleEvent APR 버전 [1.7.0]을(를) 사용한, APR 기반 Apache Tomcat Native 라이브러리 [1.2.33]을(를) 로드했습니다.
25-Jul-2022 10:40:30.768 정보 [main] org.apache.catalina.core.AprLifecycleListener.lifecycleEvent APR 용량정보들: IPv6 [true], sendfile [true], accept filters [false], random [true], UDS [true].
25-Jul-2022 10:40:30.778 정보 [main] org.apache.catalina.core.AprLifecycleListener.initializeSSL OpenSSL이 성공적으로 초기화되었습니다: [OpenSSL 1.1.1o  3 May 2022]
25-Jul-2022 10:40:31.448 정보 [main] org.apache.coyote.AbstractProtocol.init 프로토콜 핸들러 ["http-nio-8080"]을(를) 초기화합니다.
25-Jul-2022 10:40:31.499 정보 [main] org.apache.catalina.startup.Catalina.load [1079] 밀리초 내에 서버가 초기화되었습니다.
25-Jul-2022 10:40:31.548 정보 [main] org.apache.catalina.core.StandardService.startInternal 서비스 [Catalina]을(를) 시작합니다.
25-Jul-2022 10:40:31.548 정보 [main] org.apache.catalina.core.StandardEngine.startInternal 서버 엔진을 시작합니다: [Apache Tomcat/10.0.22]
25-Jul-2022 10:40:31.564 정보 [main] org.apache.catalina.startup.HostConfig.deployDirectory 웹 애플리케이션 디렉토리 [D:\01-STUDY\20220701\2022년6월시작\jsp\apache-tomcat-10.0.22\webapps\docs]을(를) 배치합니다.
25-Jul-2022 10:40:32.047 정보 [main] org.apache.catalina.startup.HostConfig.deployDirectory 웹 애플리케이션 디렉토리 [D:\01-STUDY\20220701\2022년6월시작\jsp\apache-tomcat-10.0.22\webapps\docs]에 대한 배치가 [481] 밀리초에 완료되었습니다.
25-Jul-2022 10:40:32.048 정보 [main] org.apache.catalina.startup.HostConfig.deployDirectory 웹 애플리케이션 디렉토리 [D:\01-STUDY\20220701\2022년6월시작\jsp\apache-tomcat-10.0.22\webapps\examples]을(를) 배치합니다.
25-Jul-2022 10:40:32.624 정보 [main] org.apache.catalina.startup.HostConfig.deployDirectory 웹 애플리케이션 디렉토리 [D:\01-STUDY\20220701\2022년6월시작\jsp\apache-tomcat-10.0.22\webapps\examples]에 대한 배치가 [576] 밀리초에 완료되었습니다.
25-Jul-2022 10:40:32.624 정보 [main] org.apache.catalina.startup.HostConfig.deployDirectory 웹 애플리케이션 디렉토리 [D:\01-STUDY\20220701\2022년6월시작\jsp\apache-tomcat-10.0.22\webapps\host-manager]을(를) 배치합니다.
25-Jul-2022 10:40:32.662 정보 [main] org.apache.catalina.startup.HostConfig.deployDirectory 웹 애플리케이션 디렉토리 [D:\01-STUDY\20220701\2022년6월시작\jsp\apache-tomcat-10.0.22\webapps\host-manager]에 대한 배치가 [38] 밀리초에 완료되었습니다.
25-Jul-2022 10:40:32.662 정보 [main] org.apache.catalina.startup.HostConfig.deployDirectory 웹 애플리케이션 디렉토리 [D:\01-STUDY\20220701\2022년6월시작\jsp\apache-tomcat-10.0.22\webapps\manager]을(를) 배치합니다.
25-Jul-2022 10:40:32.743 정보 [main] org.apache.catalina.startup.HostConfig.deployDirectory 웹 애플리케이션 디렉토리 [D:\01-STUDY\20220701\2022년6월시작\jsp\apache-tomcat-10.0.22\webapps\manager]에 대한 배치가 [81] 밀리초에 완료되었습니다.
25-Jul-2022 10:40:32.743 정보 [main] org.apache.catalina.startup.HostConfig.deployDirectory 웹 애플리케이션 디렉토리 [D:\01-STUDY\20220701\2022년6월시작\jsp\apache-tomcat-10.0.22\webapps\ROOT]을(를) 배치합니다.
25-Jul-2022 10:40:32.794 정보 [main] org.apache.catalina.startup.HostConfig.deployDirectory 웹 애플리케이션 디렉토리 [D:\01-STUDY\20220701\2022년6월시작\jsp\apache-tomcat-10.0.22\webapps\ROOT]에 대한 배치가 [51] 밀리초에 완료되었습니다.
25-Jul-2022 10:40:32.804 정보 [main] org.apache.coyote.AbstractProtocol.start 프로토콜 핸들러 ["http-nio-8080"]을(를) 시작합니다.
25-Jul-2022 10:40:32.825 정보 [main] org.apache.catalina.startup.Catalina.start 서버가 [1321] 밀리초 내에 시작되었습니다.
25-Jul-2022 10:43:33.202 정보 [Catalina-utility-2] org.apache.catalina.startup.HostConfig.deployDirectory 웹 애플리케이션 디렉토리 [D:\01-STUDY\20220701\2022년6월시작\jsp\apache-tomcat-10.0.22\webapps\sample.war]을(를) 배치합니다.
25-Jul-2022 10:43:33.266 정보 [Catalina-utility-2] org.apache.catalina.startup.HostConfig.deployDirectory 웹 애플리케이션 디렉토리 [D:\01-STUDY\20220701\2022년6월시작\jsp\apache-tomcat-10.0.22\webapps\sample.war]에 대한 배치가 [64] 밀리초에 완료되었습니다.
25-Jul-2022 10:46:35.237 정보 [main] org.apache.catalina.core.StandardServer.await 셧다운 포트를 통해 유효한 셧다운 명령을 받았습니다. 서버 인스턴스를 중지시킵니다.
25-Jul-2022 10:46:35.238 정보 [main] org.apache.coyote.AbstractProtocol.pause 프로토콜 핸들러 ["http-nio-8080"]을(를) 일시 정지 중
25-Jul-2022 10:46:35.288 정보 [main] org.apache.catalina.core.StandardService.stopInternal 서비스 [Catalina]을(를) 중지시킵니다.
25-Jul-2022 10:46:35.315 정보 [main] org.apache.coyote.AbstractProtocol.stop 프로토콜 핸들러 ["http-nio-8080"]을(를) 중지시킵니다.
25-Jul-2022 10:46:35.323 정보 [main] org.apache.coyote.AbstractProtocol.destroy 프로토콜 핸들러 ["http-nio-8080"]을(를) 소멸시킵니다.
25-Jul-2022 10:49:57.660 경고 [main] org.apache.tomcat.util.digester.Digester.endElement [Server/Service/Engine/Host/context]와(과) 부합하는 rule들을 찾을 수 없습니다.
25-Jul-2022 10:49:57.691 정보 [main] org.apache.catalina.startup.VersionLoggerListener.log 서버 버전 이름:    Apache Tomcat/10.0.22
25-Jul-2022 10:49:57.691 정보 [main] org.apache.catalina.startup.VersionLoggerListener.log Server 빌드 시각:  Jun 2 2022 16:53:56 UTC
25-Jul-2022 10:49:57.691 정보 [main] org.apache.catalina.startup.VersionLoggerListener.log Server 버전 번호:  10.0.22.0
25-Jul-2022 10:49:57.691 정보 [main] org.apache.catalina.startup.VersionLoggerListener.log 운영체제 이름:     Windows 10
25-Jul-2022 10:49:57.691 정보 [main] org.apache.catalina.startup.VersionLoggerListener.log 운영체제 버전:     10.0
25-Jul-2022 10:49:57.691 정보 [main] org.apache.catalina.startup.VersionLoggerListener.log 아키텍처:          amd64
25-Jul-2022 10:49:57.691 정보 [main] org.apache.catalina.startup.VersionLoggerListener.log 자바 홈:           C:\Program Files\Java\jdk1.8.0_261\jre
25-Jul-2022 10:49:57.691 정보 [main] org.apache.catalina.startup.VersionLoggerListener.log JVM 버전:          1.8.0_261-b12
25-Jul-2022 10:49:57.691 정보 [main] org.apache.catalina.startup.VersionLoggerListener.log JVM 벤더:          Oracle Corporation
25-Jul-2022 10:49:57.691 정보 [main] org.apache.catalina.startup.VersionLoggerListener.log CATALINA_BASE:     D:\01-STUDY\20220701\2022년6월시작\jsp\apache-tomcat-10.0.22
25-Jul-2022 10:49:57.691 정보 [main] org.apache.catalina.startup.VersionLoggerListener.log CATALINA_HOME:     D:\01-STUDY\20220701\2022년6월시작\jsp\apache-tomcat-10.0.22
25-Jul-2022 10:49:57.691 정보 [main] org.apache.catalina.startup.VersionLoggerListener.log 명령 행 아규먼트:  -Djava.util.logging.config.file=d:\01-STUDY\20220701\2022년6월시작\jsp\apache-tomcat-10.0.22/conf/logging.properties
25-Jul-2022 10:49:57.691 정보 [main] org.apache.catalina.startup.VersionLoggerListener.log 명령 행 아규먼트:  -Djava.util.logging.manager=org.apache.juli.ClassLoaderLogManager
25-Jul-2022 10:49:57.691 정보 [main] org.apache.catalina.startup.VersionLoggerListener.log 명령 행 아규먼트:  -Djdk.tls.ephemeralDHKeySize=2048
25-Jul-2022 10:49:57.691 정보 [main] org.apache.catalina.startup.VersionLoggerListener.log 명령 행 아규먼트:  -Djava.protocol.handler.pkgs=org.apache.catalina.webresources
25-Jul-2022 10:49:57.691 정보 [main] org.apache.catalina.startup.VersionLoggerListener.log 명령 행 아규먼트:  -Dorg.apache.catalina.security.SecurityListener.UMASK=0027
25-Jul-2022 10:49:57.691 정보 [main] org.apache.catalina.startup.VersionLoggerListener.log 명령 행 아규먼트:  -Dcatalina.base=d:\01-STUDY\20220701\2022년6월시작\jsp\apache-tomcat-10.0.22
25-Jul-2022 10:49:57.691 정보 [main] org.apache.catalina.startup.VersionLoggerListener.log 명령 행 아규먼트:  -Dcatalina.home=d:\01-STUDY\20220701\2022년6월시작\jsp\apache-tomcat-10.0.22
25-Jul-2022 10:49:57.691 정보 [main] org.apache.catalina.startup.VersionLoggerListener.log 명령 행 아규먼트:  -Djava.io.tmpdir=d:\01-STUDY\20220701\2022년6월시작\jsp\apache-tomcat-10.0.22/temp
25-Jul-2022 10:49:57.709 정보 [main] org.apache.catalina.core.AprLifecycleListener.lifecycleEvent APR 버전 [1.7.0]을(를) 사용한, APR 기반 Apache Tomcat Native 라이브러리 [1.2.33]을(를) 로드했습니다.
25-Jul-2022 10:49:57.709 정보 [main] org.apache.catalina.core.AprLifecycleListener.lifecycleEvent APR 용량정보들: IPv6 [true], sendfile [true], accept filters [false], random [true], UDS [true].
25-Jul-2022 10:49:57.709 정보 [main] org.apache.catalina.core.AprLifecycleListener.initializeSSL OpenSSL이 성공적으로 초기화되었습니다: [OpenSSL 1.1.1o  3 May 2022]
25-Jul-2022 10:49:58.261 정보 [main] org.apache.coyote.AbstractProtocol.init 프로토콜 핸들러 ["http-nio-8080"]을(를) 초기화합니다.
25-Jul-2022 10:49:58.286 정보 [main] org.apache.catalina.startup.Catalina.load [885] 밀리초 내에 서버가 초기화되었습니다.
25-Jul-2022 10:49:58.327 정보 [main] org.apache.catalina.core.StandardService.startInternal 서비스 [Catalina]을(를) 시작합니다.
25-Jul-2022 10:49:58.327 정보 [main] org.apache.catalina.core.StandardEngine.startInternal 서버 엔진을 시작합니다: [Apache Tomcat/10.0.22]
25-Jul-2022 10:49:58.341 정보 [main] org.apache.catalina.startup.HostConfig.deployDirectory 웹 애플리케이션 디렉토리 [D:\01-STUDY\20220701\2022년6월시작\jsp\apache-tomcat-10.0.22\webapps\docs]을(를) 배치합니다.
25-Jul-2022 10:49:58.717 정보 [main] org.apache.catalina.startup.HostConfig.deployDirectory 웹 애플리케이션 디렉토리 [D:\01-STUDY\20220701\2022년6월시작\jsp\apache-tomcat-10.0.22\webapps\docs]에 대한 배치가 [375] 밀리초에 완료되었습니다.
25-Jul-2022 10:49:58.717 정보 [main] org.apache.catalina.startup.HostConfig.deployDirectory 웹 애플리케이션 디렉토리 [D:\01-STUDY\20220701\2022년6월시작\jsp\apache-tomcat-10.0.22\webapps\examples]을(를) 배치합니다.
25-Jul-2022 10:49:59.200 정보 [main] org.apache.catalina.startup.HostConfig.deployDirectory 웹 애플리케이션 디렉토리 [D:\01-STUDY\20220701\2022년6월시작\jsp\apache-tomcat-10.0.22\webapps\examples]에 대한 배치가 [483] 밀리초에 완료되었습니다.
25-Jul-2022 10:49:59.200 정보 [main] org.apache.catalina.startup.HostConfig.deployDirectory 웹 애플리케이션 디렉토리 [D:\01-STUDY\20220701\2022년6월시작\jsp\apache-tomcat-10.0.22\webapps\host-manager]을(를) 배치합니다.
25-Jul-2022 10:49:59.250 정보 [main] org.apache.catalina.startup.HostConfig.deployDirectory 웹 애플리케이션 디렉토리 [D:\01-STUDY\20220701\2022년6월시작\jsp\apache-tomcat-10.0.22\webapps\host-manager]에 대한 배치가 [50] 밀리초에 완료되었습니다.
25-Jul-2022 10:49:59.250 정보 [main] org.apache.catalina.startup.HostConfig.deployDirectory 웹 애플리케이션 디렉토리 [D:\01-STUDY\20220701\2022년6월시작\jsp\apache-tomcat-10.0.22\webapps\manager]을(를) 배치합니다.
25-Jul-2022 10:49:59.296 정보 [main] org.apache.catalina.startup.HostConfig.deployDirectory 웹 애플리케이션 디렉토리 [D:\01-STUDY\20220701\2022년6월시작\jsp\apache-tomcat-10.0.22\webapps\manager]에 대한 배치가 [46] 밀리초에 완료되었습니다.
25-Jul-2022 10:49:59.296 정보 [main] org.apache.catalina.startup.HostConfig.deployDirectory 웹 애플리케이션 디렉토리 [D:\01-STUDY\20220701\2022년6월시작\jsp\apache-tomcat-10.0.22\webapps\ROOT]을(를) 배치합니다.
25-Jul-2022 10:49:59.339 정보 [main] org.apache.catalina.startup.HostConfig.deployDirectory 웹 애플리케이션 디렉토리 [D:\01-STUDY\20220701\2022년6월시작\jsp\apache-tomcat-10.0.22\webapps\ROOT]에 대한 배치가 [43] 밀리초에 완료되었습니다.
25-Jul-2022 10:49:59.339 정보 [main] org.apache.catalina.startup.HostConfig.deployDirectory 웹 애플리케이션 디렉토리 [D:\01-STUDY\20220701\2022년6월시작\jsp\apache-tomcat-10.0.22\webapps\sample.war]을(를) 배치합니다.
25-Jul-2022 10:49:59.380 정보 [main] org.apache.catalina.startup.HostConfig.deployDirectory 웹 애플리케이션 디렉토리 [D:\01-STUDY\20220701\2022년6월시작\jsp\apache-tomcat-10.0.22\webapps\sample.war]에 대한 배치가 [41] 밀리초에 완료되었습니다.
25-Jul-2022 10:49:59.380 정보 [main] org.apache.coyote.AbstractProtocol.start 프로토콜 핸들러 ["http-nio-8080"]을(를) 시작합니다.
25-Jul-2022 10:49:59.390 정보 [main] org.apache.catalina.startup.Catalina.start 서버가 [1115] 밀리초 내에 시작되었습니다.
25-Jul-2022 11:01:00.463 정보 [main] org.apache.catalina.core.StandardServer.await 셧다운 포트를 통해 유효한 셧다운 명령을 받았습니다. 서버 인스턴스를 중지시킵니다.
25-Jul-2022 11:01:00.464 정보 [main] org.apache.coyote.AbstractProtocol.pause 프로토콜 핸들러 ["http-nio-8080"]을(를) 일시 정지 중
25-Jul-2022 11:01:00.517 정보 [main] org.apache.catalina.core.StandardService.stopInternal 서비스 [Catalina]을(를) 중지시킵니다.
25-Jul-2022 11:01:00.541 정보 [main] org.apache.coyote.AbstractProtocol.stop 프로토콜 핸들러 ["http-nio-8080"]을(를) 중지시킵니다.
25-Jul-2022 11:01:00.552 정보 [main] org.apache.coyote.AbstractProtocol.destroy 프로토콜 핸들러 ["http-nio-8080"]을(를) 소멸시킵니다.
25-Jul-2022 11:01:52.777 경고 [main] org.apache.tomcat.util.digester.Digester.endElement [Server/Service/Engine/Host/context]와(과) 부합하는 rule들을 찾을 수 없습니다.
25-Jul-2022 11:01:52.835 정보 [main] org.apache.catalina.startup.VersionLoggerListener.log 서버 버전 이름:    Apache Tomcat/10.0.22
25-Jul-2022 11:01:52.836 정보 [main] org.apache.catalina.startup.VersionLoggerListener.log Server 빌드 시각:  Jun 2 2022 16:53:56 UTC
25-Jul-2022 11:01:52.836 정보 [main] org.apache.catalina.startup.VersionLoggerListener.log Server 버전 번호:  10.0.22.0
25-Jul-2022 11:01:52.836 정보 [main] org.apache.catalina.startup.VersionLoggerListener.log 운영체제 이름:     Windows 10
25-Jul-2022 11:01:52.836 정보 [main] org.apache.catalina.startup.VersionLoggerListener.log 운영체제 버전:     10.0
25-Jul-2022 11:01:52.837 정보 [main] org.apache.catalina.startup.VersionLoggerListener.log 아키텍처:          amd64
25-Jul-2022 11:01:52.839 정보 [main] org.apache.catalina.startup.VersionLoggerListener.log 자바 홈:           C:\Program Files\Java\jdk1.8.0_261\jre
25-Jul-2022 11:01:52.839 정보 [main] org.apache.catalina.startup.VersionLoggerListener.log JVM 버전:          1.8.0_261-b12
25-Jul-2022 11:01:52.839 정보 [main] org.apache.catalina.startup.VersionLoggerListener.log JVM 벤더:          Oracle Corporation
25-Jul-2022 11:01:52.840 정보 [main] org.apache.catalina.startup.VersionLoggerListener.log CATALINA_BASE:     D:\01-STUDY\20220701\2022년6월시작\jsp\apache-tomcat-10.0.22
25-Jul-2022 11:01:52.841 정보 [main] org.apache.catalina.startup.VersionLoggerListener.log CATALINA_HOME:     D:\01-STUDY\20220701\2022년6월시작\jsp\apache-tomcat-10.0.22
25-Jul-2022 11:01:52.842 정보 [main] org.apache.catalina.startup.VersionLoggerListener.log 명령 행 아규먼트:  -Djava.util.logging.config.file=d:\01-STUDY\20220701\2022년6월시작\jsp\apache-tomcat-10.0.22/conf/logging.properties
25-Jul-2022 11:01:52.842 정보 [main] org.apache.catalina.startup.VersionLoggerListener.log 명령 행 아규먼트:  -Djava.util.logging.manager=org.apache.juli.ClassLoaderLogManager
25-Jul-2022 11:01:52.842 정보 [main] org.apache.catalina.startup.VersionLoggerListener.log 명령 행 아규먼트:  -Djdk.tls.ephemeralDHKeySize=2048
25-Jul-2022 11:01:52.843 정보 [main] org.apache.catalina.startup.VersionLoggerListener.log 명령 행 아규먼트:  -Djava.protocol.handler.pkgs=org.apache.catalina.webresources
25-Jul-2022 11:01:52.843 정보 [main] org.apache.catalina.startup.VersionLoggerListener.log 명령 행 아규먼트:  -Dorg.apache.catalina.security.SecurityListener.UMASK=0027
25-Jul-2022 11:01:52.843 정보 [main] org.apache.catalina.startup.VersionLoggerListener.log 명령 행 아규먼트:  -Dcatalina.base=d:\01-STUDY\20220701\2022년6월시작\jsp\apache-tomcat-10.0.22
25-Jul-2022 11:01:52.846 정보 [main] org.apache.catalina.startup.VersionLoggerListener.log 명령 행 아규먼트:  -Dcatalina.home=d:\01-STUDY\20220701\2022년6월시작\jsp\apache-tomcat-10.0.22
25-Jul-2022 11:01:52.850 정보 [main] org.apache.catalina.startup.VersionLoggerListener.log 명령 행 아규먼트:  -Djava.io.tmpdir=d:\01-STUDY\20220701\2022년6월시작\jsp\apache-tomcat-10.0.22/temp
25-Jul-2022 11:01:52.857 정보 [main] org.apache.catalina.core.AprLifecycleListener.lifecycleEvent APR 버전 [1.7.0]을(를) 사용한, APR 기반 Apache Tomcat Native 라이브러리 [1.2.33]을(를) 로드했습니다.
25-Jul-2022 11:01:52.857 정보 [main] org.apache.catalina.core.AprLifecycleListener.lifecycleEvent APR 용량정보들: IPv6 [true], sendfile [true], accept filters [false], random [true], UDS [true].
25-Jul-2022 11:01:52.880 정보 [main] org.apache.catalina.core.AprLifecycleListener.initializeSSL OpenSSL이 성공적으로 초기화되었습니다: [OpenSSL 1.1.1o  3 May 2022]
25-Jul-2022 11:01:53.479 정보 [main] org.apache.coyote.AbstractProtocol.init 프로토콜 핸들러 ["http-nio-80"]을(를) 초기화합니다.
25-Jul-2022 11:01:53.508 정보 [main] org.apache.catalina.startup.Catalina.load [1024] 밀리초 내에 서버가 초기화되었습니다.
25-Jul-2022 11:01:53.552 정보 [main] org.apache.catalina.core.StandardService.startInternal 서비스 [Catalina]을(를) 시작합니다.
25-Jul-2022 11:01:53.552 정보 [main] org.apache.catalina.core.StandardEngine.startInternal 서버 엔진을 시작합니다: [Apache Tomcat/10.0.22]
25-Jul-2022 11:01:53.569 정보 [main] org.apache.catalina.startup.HostConfig.deployDirectory 웹 애플리케이션 디렉토리 [D:\01-STUDY\20220701\2022년6월시작\jsp\apache-tomcat-10.0.22\webapps\docs]을(를) 배치합니다.
25-Jul-2022 11:01:53.921 정보 [main] org.apache.catalina.startup.HostConfig.deployDirectory 웹 애플리케이션 디렉토리 [D:\01-STUDY\20220701\2022년6월시작\jsp\apache-tomcat-10.0.22\webapps\docs]에 대한 배치가 [352] 밀리초에 완료되었습니다.
25-Jul-2022 11:01:53.921 정보 [main] org.apache.catalina.startup.HostConfig.deployDirectory 웹 애플리케이션 디렉토리 [D:\01-STUDY\20220701\2022년6월시작\jsp\apache-tomcat-10.0.22\webapps\examples]을(를) 배치합니다.
25-Jul-2022 11:01:54.434 정보 [main] org.apache.catalina.startup.HostConfig.deployDirectory 웹 애플리케이션 디렉토리 [D:\01-STUDY\20220701\2022년6월시작\jsp\apache-tomcat-10.0.22\webapps\examples]에 대한 배치가 [513] 밀리초에 완료되었습니다.
25-Jul-2022 11:01:54.434 정보 [main] org.apache.catalina.startup.HostConfig.deployDirectory 웹 애플리케이션 디렉토리 [D:\01-STUDY\20220701\2022년6월시작\jsp\apache-tomcat-10.0.22\webapps\host-manager]을(를) 배치합니다.
25-Jul-2022 11:01:54.498 정보 [main] org.apache.catalina.startup.HostConfig.deployDirectory 웹 애플리케이션 디렉토리 [D:\01-STUDY\20220701\2022년6월시작\jsp\apache-tomcat-10.0.22\webapps\host-manager]에 대한 배치가 [64] 밀리초에 완료되었습니다.
25-Jul-2022 11:01:54.498 정보 [main] org.apache.catalina.startup.HostConfig.deployDirectory 웹 애플리케이션 디렉토리 [D:\01-STUDY\20220701\2022년6월시작\jsp\apache-tomcat-10.0.22\webapps\manager]을(를) 배치합니다.
25-Jul-2022 11:01:54.540 정보 [main] org.apache.catalina.startup.HostConfig.deployDirectory 웹 애플리케이션 디렉토리 [D:\01-STUDY\20220701\2022년6월시작\jsp\apache-tomcat-10.0.22\webapps\manager]에 대한 배치가 [42] 밀리초에 완료되었습니다.
25-Jul-2022 11:01:54.540 정보 [main] org.apache.catalina.startup.HostConfig.deployDirectory 웹 애플리케이션 디렉토리 [D:\01-STUDY\20220701\2022년6월시작\jsp\apache-tomcat-10.0.22\webapps\ROOT]을(를) 배치합니다.
25-Jul-2022 11:01:54.584 정보 [main] org.apache.catalina.startup.HostConfig.deployDirectory 웹 애플리케이션 디렉토리 [D:\01-STUDY\20220701\2022년6월시작\jsp\apache-tomcat-10.0.22\webapps\ROOT]에 대한 배치가 [44] 밀리초에 완료되었습니다.
25-Jul-2022 11:01:54.585 정보 [main] org.apache.catalina.startup.HostConfig.deployDirectory 웹 애플리케이션 디렉토리 [D:\01-STUDY\20220701\2022년6월시작\jsp\apache-tomcat-10.0.22\webapps\sample.war]을(를) 배치합니다.
25-Jul-2022 11:01:54.626 정보 [main] org.apache.catalina.startup.HostConfig.deployDirectory 웹 애플리케이션 디렉토리 [D:\01-STUDY\20220701\2022년6월시작\jsp\apache-tomcat-10.0.22\webapps\sample.war]에 대한 배치가 [42] 밀리초에 완료되었습니다.
25-Jul-2022 11:01:54.626 정보 [main] org.apache.coyote.AbstractProtocol.start 프로토콜 핸들러 ["http-nio-80"]을(를) 시작합니다.
25-Jul-2022 11:01:54.635 정보 [main] org.apache.catalina.startup.Catalina.start 서버가 [1135] 밀리초 내에 시작되었습니다.
25-Jul-2022 11:04:34.522 경고 [main] org.apache.tomcat.util.digester.Digester.endElement [Server/Service/Engine/Host/context]와(과) 부합하는 rule들을 찾을 수 없습니다.
25-Jul-2022 11:04:34.571 정보 [main] org.apache.catalina.startup.VersionLoggerListener.log 서버 버전 이름:    Apache Tomcat/10.0.22
25-Jul-2022 11:04:34.571 정보 [main] org.apache.catalina.startup.VersionLoggerListener.log Server 빌드 시각:  Jun 2 2022 16:53:56 UTC
25-Jul-2022 11:04:34.571 정보 [main] org.apache.catalina.startup.VersionLoggerListener.log Server 버전 번호:  10.0.22.0
25-Jul-2022 11:04:34.571 정보 [main] org.apache.catalina.startup.VersionLoggerListener.log 운영체제 이름:     Windows 10
25-Jul-2022 11:04:34.574 정보 [main] org.apache.catalina.startup.VersionLoggerListener.log 운영체제 버전:     10.0
25-Jul-2022 11:04:34.574 정보 [main] org.apache.catalina.startup.VersionLoggerListener.log 아키텍처:          amd64
25-Jul-2022 11:04:34.575 정보 [main] org.apache.catalina.startup.VersionLoggerListener.log 자바 홈:           C:\Program Files\Java\jdk1.8.0_261\jre
25-Jul-2022 11:04:34.575 정보 [main] org.apache.catalina.startup.VersionLoggerListener.log JVM 버전:          1.8.0_261-b12
25-Jul-2022 11:04:34.575 정보 [main] org.apache.catalina.startup.VersionLoggerListener.log JVM 벤더:          Oracle Corporation
25-Jul-2022 11:04:34.576 정보 [main] org.apache.catalina.startup.VersionLoggerListener.log CATALINA_BASE:     D:\01-STUDY\20220701\2022년6월시작\jsp\apache-tomcat-10.0.22
25-Jul-2022 11:04:34.586 정보 [main] org.apache.catalina.startup.VersionLoggerListener.log CATALINA_HOME:     D:\01-STUDY\20220701\2022년6월시작\jsp\apache-tomcat-10.0.22
25-Jul-2022 11:04:34.587 정보 [main] org.apache.catalina.startup.VersionLoggerListener.log 명령 행 아규먼트:  -Djava.util.logging.config.file=d:\01-STUDY\20220701\2022년6월시작\jsp\apache-tomcat-10.0.22/conf/logging.properties
25-Jul-2022 11:04:34.588 정보 [main] org.apache.catalina.startup.VersionLoggerListener.log 명령 행 아규먼트:  -Djava.util.logging.manager=org.apache.juli.ClassLoaderLogManager
25-Jul-2022 11:04:34.588 정보 [main] org.apache.catalina.startup.VersionLoggerListener.log 명령 행 아규먼트:  -Djdk.tls.ephemeralDHKeySize=2048
25-Jul-2022 11:04:34.588 정보 [main] org.apache.catalina.startup.VersionLoggerListener.log 명령 행 아규먼트:  -Djava.protocol.handler.pkgs=org.apache.catalina.webresources
25-Jul-2022 11:04:34.589 정보 [main] org.apache.catalina.startup.VersionLoggerListener.log 명령 행 아규먼트:  -Dorg.apache.catalina.security.SecurityListener.UMASK=0027
25-Jul-2022 11:04:34.589 정보 [main] org.apache.catalina.startup.VersionLoggerListener.log 명령 행 아규먼트:  -Dcatalina.base=d:\01-STUDY\20220701\2022년6월시작\jsp\apache-tomcat-10.0.22
25-Jul-2022 11:04:34.589 정보 [main] org.apache.catalina.startup.VersionLoggerListener.log 명령 행 아규먼트:  -Dcatalina.home=d:\01-STUDY\20220701\2022년6월시작\jsp\apache-tomcat-10.0.22
25-Jul-2022 11:04:34.592 정보 [main] org.apache.catalina.startup.VersionLoggerListener.log 명령 행 아규먼트:  -Djava.io.tmpdir=d:\01-STUDY\20220701\2022년6월시작\jsp\apache-tomcat-10.0.22/temp
25-Jul-2022 11:04:34.604 정보 [main] org.apache.catalina.core.AprLifecycleListener.lifecycleEvent APR 버전 [1.7.0]을(를) 사용한, APR 기반 Apache Tomcat Native 라이브러리 [1.2.33]을(를) 로드했습니다.
25-Jul-2022 11:04:34.604 정보 [main] org.apache.catalina.core.AprLifecycleListener.lifecycleEvent APR 용량정보들: IPv6 [true], sendfile [true], accept filters [false], random [true], UDS [true].
25-Jul-2022 11:04:34.616 정보 [main] org.apache.catalina.core.AprLifecycleListener.initializeSSL OpenSSL이 성공적으로 초기화되었습니다: [OpenSSL 1.1.1o  3 May 2022]
25-Jul-2022 11:04:35.225 정보 [main] org.apache.coyote.AbstractProtocol.init 프로토콜 핸들러 ["http-nio-80"]을(를) 초기화합니다.
25-Jul-2022 11:04:35.267 정보 [main] org.apache.catalina.startup.Catalina.load [1086] 밀리초 내에 서버가 초기화되었습니다.
25-Jul-2022 11:04:35.318 정보 [main] org.apache.catalina.core.StandardService.startInternal 서비스 [Catalina]을(를) 시작합니다.
25-Jul-2022 11:04:35.318 정보 [main] org.apache.catalina.core.StandardEngine.startInternal 서버 엔진을 시작합니다: [Apache Tomcat/10.0.22]
25-Jul-2022 11:04:35.338 정보 [main] org.apache.catalina.startup.HostConfig.deployDirectory 웹 애플리케이션 디렉토리 [D:\01-STUDY\20220701\2022년6월시작\jsp\apache-tomcat-10.0.22\webapps\docs]을(를) 배치합니다.
25-Jul-2022 11:04:35.735 정보 [main] org.apache.catalina.startup.HostConfig.deployDirectory 웹 애플리케이션 디렉토리 [D:\01-STUDY\20220701\2022년6월시작\jsp\apache-tomcat-10.0.22\webapps\docs]에 대한 배치가 [395] 밀리초에 완료되었습니다.
25-Jul-2022 11:04:35.736 정보 [main] org.apache.catalina.startup.HostConfig.deployDirectory 웹 애플리케이션 디렉토리 [D:\01-STUDY\20220701\2022년6월시작\jsp\apache-tomcat-10.0.22\webapps\examples]을(를) 배치합니다.
25-Jul-2022 11:04:36.365 정보 [main] org.apache.catalina.startup.HostConfig.deployDirectory 웹 애플리케이션 디렉토리 [D:\01-STUDY\20220701\2022년6월시작\jsp\apache-tomcat-10.0.22\webapps\examples]에 대한 배치가 [629] 밀리초에 완료되었습니다.
25-Jul-2022 11:04:36.380 정보 [main] org.apache.catalina.startup.HostConfig.deployDirectory 웹 애플리케이션 디렉토리 [D:\01-STUDY\20220701\2022년6월시작\jsp\apache-tomcat-10.0.22\webapps\host-manager]을(를) 배치합니다.
25-Jul-2022 11:04:36.419 정보 [main] org.apache.catalina.startup.HostConfig.deployDirectory 웹 애플리케이션 디렉토리 [D:\01-STUDY\20220701\2022년6월시작\jsp\apache-tomcat-10.0.22\webapps\host-manager]에 대한 배치가 [39] 밀리초에 완료되었습니다.
25-Jul-2022 11:04:36.419 정보 [main] org.apache.catalina.startup.HostConfig.deployDirectory 웹 애플리케이션 디렉토리 [D:\01-STUDY\20220701\2022년6월시작\jsp\apache-tomcat-10.0.22\webapps\manager]을(를) 배치합니다.
25-Jul-2022 11:04:36.466 정보 [main] org.apache.catalina.startup.HostConfig.deployDirectory 웹 애플리케이션 디렉토리 [D:\01-STUDY\20220701\2022년6월시작\jsp\apache-tomcat-10.0.22\webapps\manager]에 대한 배치가 [47] 밀리초에 완료되었습니다.
25-Jul-2022 11:04:36.466 정보 [main] org.apache.catalina.startup.HostConfig.deployDirectory 웹 애플리케이션 디렉토리 [D:\01-STUDY\20220701\2022년6월시작\jsp\apache-tomcat-10.0.22\webapps\ROOT]을(를) 배치합니다.
25-Jul-2022 11:04:36.502 정보 [main] org.apache.catalina.startup.HostConfig.deployDirectory 웹 애플리케이션 디렉토리 [D:\01-STUDY\20220701\2022년6월시작\jsp\apache-tomcat-10.0.22\webapps\ROOT]에 대한 배치가 [36] 밀리초에 완료되었습니다.
25-Jul-2022 11:04:36.502 정보 [main] org.apache.catalina.startup.HostConfig.deployDirectory 웹 애플리케이션 디렉토리 [D:\01-STUDY\20220701\2022년6월시작\jsp\apache-tomcat-10.0.22\webapps\sample.war]을(를) 배치합니다.
25-Jul-2022 11:04:36.532 정보 [main] org.apache.catalina.startup.HostConfig.deployDirectory 웹 애플리케이션 디렉토리 [D:\01-STUDY\20220701\2022년6월시작\jsp\apache-tomcat-10.0.22\webapps\sample.war]에 대한 배치가 [30] 밀리초에 완료되었습니다.
25-Jul-2022 11:04:36.549 정보 [main] org.apache.coyote.AbstractProtocol.start 프로토콜 핸들러 ["http-nio-80"]을(를) 시작합니다.
25-Jul-2022 11:04:36.571 정보 [main] org.apache.catalina.startup.Catalina.start 서버가 [1303] 밀리초 내에 시작되었습니다.
25-Jul-2022 11:06:42.323 경고 [main] org.apache.tomcat.util.digester.Digester.endElement [Server/Service/Engine/Host/context]와(과) 부합하는 rule들을 찾을 수 없습니다.
25-Jul-2022 11:06:42.346 정보 [main] org.apache.catalina.startup.VersionLoggerListener.log 서버 버전 이름:    Apache Tomcat/10.0.22
25-Jul-2022 11:06:42.346 정보 [main] org.apache.catalina.startup.VersionLoggerListener.log Server 빌드 시각:  Jun 2 2022 16:53:56 UTC
25-Jul-2022 11:06:42.347 정보 [main] org.apache.catalina.startup.VersionLoggerListener.log Server 버전 번호:  10.0.22.0
25-Jul-2022 11:06:42.347 정보 [main] org.apache.catalina.startup.VersionLoggerListener.log 운영체제 이름:     Windows 10
25-Jul-2022 11:06:42.347 정보 [main] org.apache.catalina.startup.VersionLoggerListener.log 운영체제 버전:     10.0
25-Jul-2022 11:06:42.347 정보 [main] org.apache.catalina.startup.VersionLoggerListener.log 아키텍처:          amd64
25-Jul-2022 11:06:42.347 정보 [main] org.apache.catalina.startup.VersionLoggerListener.log 자바 홈:           C:\Program Files\Java\jdk1.8.0_261\jre
25-Jul-2022 11:06:42.347 정보 [main] org.apache.catalina.startup.VersionLoggerListener.log JVM 버전:          1.8.0_261-b12
25-Jul-2022 11:06:42.347 정보 [main] org.apache.catalina.startup.VersionLoggerListener.log JVM 벤더:          Oracle Corporation
25-Jul-2022 11:06:42.347 정보 [main] org.apache.catalina.startup.VersionLoggerListener.log CATALINA_BASE:     D:\01-STUDY\20220701\2022년6월시작\jsp\apache-tomcat-10.0.22
25-Jul-2022 11:06:42.347 정보 [main] org.apache.catalina.startup.VersionLoggerListener.log CATALINA_HOME:     D:\01-STUDY\20220701\2022년6월시작\jsp\apache-tomcat-10.0.22
25-Jul-2022 11:06:42.348 정보 [main] org.apache.catalina.startup.VersionLoggerListener.log 명령 행 아규먼트:  -Djava.util.logging.config.file=d:\01-STUDY\20220701\2022년6월시작\jsp\apache-tomcat-10.0.22/conf/logging.properties
25-Jul-2022 11:06:42.348 정보 [main] org.apache.catalina.startup.VersionLoggerListener.log 명령 행 아규먼트:  -Djava.util.logging.manager=org.apache.juli.ClassLoaderLogManager
25-Jul-2022 11:06:42.348 정보 [main] org.apache.catalina.startup.VersionLoggerListener.log 명령 행 아규먼트:  -Djdk.tls.ephemeralDHKeySize=2048
25-Jul-2022 11:06:42.348 정보 [main] org.apache.catalina.startup.VersionLoggerListener.log 명령 행 아규먼트:  -Djava.protocol.handler.pkgs=org.apache.catalina.webresources
25-Jul-2022 11:06:42.349 정보 [main] org.apache.catalina.startup.VersionLoggerListener.log 명령 행 아규먼트:  -Dorg.apache.catalina.security.SecurityListener.UMASK=0027
25-Jul-2022 11:06:42.349 정보 [main] org.apache.catalina.startup.VersionLoggerListener.log 명령 행 아규먼트:  -Dcatalina.base=d:\01-STUDY\20220701\2022년6월시작\jsp\apache-tomcat-10.0.22
25-Jul-2022 11:06:42.349 정보 [main] org.apache.catalina.startup.VersionLoggerListener.log 명령 행 아규먼트:  -Dcatalina.home=d:\01-STUDY\20220701\2022년6월시작\jsp\apache-tomcat-10.0.22
25-Jul-2022 11:06:42.349 정보 [main] org.apache.catalina.startup.VersionLoggerListener.log 명령 행 아규먼트:  -Djava.io.tmpdir=d:\01-STUDY\20220701\2022년6월시작\jsp\apache-tomcat-10.0.22/temp
25-Jul-2022 11:06:42.359 정보 [main] org.apache.catalina.core.AprLifecycleListener.lifecycleEvent APR 버전 [1.7.0]을(를) 사용한, APR 기반 Apache Tomcat Native 라이브러리 [1.2.33]을(를) 로드했습니다.
25-Jul-2022 11:06:42.359 정보 [main] org.apache.catalina.core.AprLifecycleListener.lifecycleEvent APR 용량정보들: IPv6 [true], sendfile [true], accept filters [false], random [true], UDS [true].
25-Jul-2022 11:06:42.370 정보 [main] org.apache.catalina.core.AprLifecycleListener.initializeSSL OpenSSL이 성공적으로 초기화되었습니다: [OpenSSL 1.1.1o  3 May 2022]
25-Jul-2022 11:06:42.841 정보 [main] org.apache.coyote.AbstractProtocol.init 프로토콜 핸들러 ["http-nio-80"]을(를) 초기화합니다.
25-Jul-2022 11:06:42.871 정보 [main] org.apache.catalina.startup.Catalina.load [779] 밀리초 내에 서버가 초기화되었습니다.
25-Jul-2022 11:06:42.919 정보 [main] org.apache.catalina.core.StandardService.startInternal 서비스 [Catalina]을(를) 시작합니다.
25-Jul-2022 11:06:42.919 정보 [main] org.apache.catalina.core.StandardEngine.startInternal 서버 엔진을 시작합니다: [Apache Tomcat/10.0.22]
25-Jul-2022 11:06:42.932 정보 [main] org.apache.catalina.startup.HostConfig.deployDirectory 웹 애플리케이션 디렉토리 [D:\01-STUDY\20220701\2022년6월시작\jsp\apache-tomcat-10.0.22\webapps\docs]을(를) 배치합니다.
25-Jul-2022 11:06:43.321 정보 [main] org.apache.catalina.startup.HostConfig.deployDirectory 웹 애플리케이션 디렉토리 [D:\01-STUDY\20220701\2022년6월시작\jsp\apache-tomcat-10.0.22\webapps\docs]에 대한 배치가 [387] 밀리초에 완료되었습니다.
25-Jul-2022 11:06:43.321 정보 [main] org.apache.catalina.startup.HostConfig.deployDirectory 웹 애플리케이션 디렉토리 [D:\01-STUDY\20220701\2022년6월시작\jsp\apache-tomcat-10.0.22\webapps\examples]을(를) 배치합니다.
25-Jul-2022 11:06:43.951 정보 [main] org.apache.catalina.startup.HostConfig.deployDirectory 웹 애플리케이션 디렉토리 [D:\01-STUDY\20220701\2022년6월시작\jsp\apache-tomcat-10.0.22\webapps\examples]에 대한 배치가 [630] 밀리초에 완료되었습니다.
25-Jul-2022 11:06:43.952 정보 [main] org.apache.catalina.startup.HostConfig.deployDirectory 웹 애플리케이션 디렉토리 [D:\01-STUDY\20220701\2022년6월시작\jsp\apache-tomcat-10.0.22\webapps\host-manager]을(를) 배치합니다.
25-Jul-2022 11:06:44.028 정보 [main] org.apache.catalina.startup.HostConfig.deployDirectory 웹 애플리케이션 디렉토리 [D:\01-STUDY\20220701\2022년6월시작\jsp\apache-tomcat-10.0.22\webapps\host-manager]에 대한 배치가 [76] 밀리초에 완료되었습니다.
25-Jul-2022 11:06:44.029 정보 [main] org.apache.catalina.startup.HostConfig.deployDirectory 웹 애플리케이션 디렉토리 [D:\01-STUDY\20220701\2022년6월시작\jsp\apache-tomcat-10.0.22\webapps\manager]을(를) 배치합니다.
25-Jul-2022 11:06:44.091 정보 [main] org.apache.catalina.startup.HostConfig.deployDirectory 웹 애플리케이션 디렉토리 [D:\01-STUDY\20220701\2022년6월시작\jsp\apache-tomcat-10.0.22\webapps\manager]에 대한 배치가 [62] 밀리초에 완료되었습니다.
25-Jul-2022 11:06:44.091 정보 [main] org.apache.catalina.startup.HostConfig.deployDirectory 웹 애플리케이션 디렉토리 [D:\01-STUDY\20220701\2022년6월시작\jsp\apache-tomcat-10.0.22\webapps\ROOT]을(를) 배치합니다.
25-Jul-2022 11:06:44.140 정보 [main] org.apache.catalina.startup.HostConfig.deployDirectory 웹 애플리케이션 디렉토리 [D:\01-STUDY\20220701\2022년6월시작\jsp\apache-tomcat-10.0.22\webapps\ROOT]에 대한 배치가 [49] 밀리초에 완료되었습니다.
25-Jul-2022 11:06:44.140 정보 [main] org.apache.catalina.startup.HostConfig.deployDirectory 웹 애플리케이션 디렉토리 [D:\01-STUDY\20220701\2022년6월시작\jsp\apache-tomcat-10.0.22\webapps\sample.war]을(를) 배치합니다.
25-Jul-2022 11:06:44.197 정보 [main] org.apache.catalina.startup.HostConfig.deployDirectory 웹 애플리케이션 디렉토리 [D:\01-STUDY\20220701\2022년6월시작\jsp\apache-tomcat-10.0.22\webapps\sample.war]에 대한 배치가 [57] 밀리초에 완료되었습니다.
25-Jul-2022 11:06:44.203 정보 [main] org.apache.coyote.AbstractProtocol.start 프로토콜 핸들러 ["http-nio-80"]을(를) 시작합니다.
25-Jul-2022 11:06:44.231 정보 [main] org.apache.catalina.startup.Catalina.start 서버가 [1359] 밀리초 내에 시작되었습니다.
25-Jul-2022 11:31:22.867 경고 [main] org.apache.tomcat.util.digester.Digester.endElement [Server/Service/Engine/Host/context]와(과) 부합하는 rule들을 찾을 수 없습니다.
25-Jul-2022 11:31:22.892 정보 [main] org.apache.catalina.startup.VersionLoggerListener.log 서버 버전 이름:    Apache Tomcat/10.0.22
25-Jul-2022 11:31:22.892 정보 [main] org.apache.catalina.startup.VersionLoggerListener.log Server 빌드 시각:  Jun 2 2022 16:53:56 UTC
25-Jul-2022 11:31:22.892 정보 [main] org.apache.catalina.startup.VersionLoggerListener.log Server 버전 번호:  10.0.22.0
25-Jul-2022 11:31:22.904 정보 [main] org.apache.catalina.startup.VersionLoggerListener.log 운영체제 이름:     Windows 10
25-Jul-2022 11:31:22.909 정보 [main] org.apache.catalina.startup.VersionLoggerListener.log 운영체제 버전:     10.0
25-Jul-2022 11:31:22.910 정보 [main] org.apache.catalina.startup.VersionLoggerListener.log 아키텍처:          amd64
25-Jul-2022 11:31:22.910 정보 [main] org.apache.catalina.startup.VersionLoggerListener.log 자바 홈:           C:\Program Files\Java\jdk1.8.0_261\jre
25-Jul-2022 11:31:22.915 정보 [main] org.apache.catalina.startup.VersionLoggerListener.log JVM 버전:          1.8.0_261-b12
25-Jul-2022 11:31:22.915 정보 [main] org.apache.catalina.startup.VersionLoggerListener.log JVM 벤더:          Oracle Corporation
25-Jul-2022 11:31:22.916 정보 [main] org.apache.catalina.startup.VersionLoggerListener.log CATALINA_BASE:     D:\01-STUDY\20220701\2022년6월시작\jsp\apache-tomcat-10.0.22
25-Jul-2022 11:31:22.917 정보 [main] org.apache.catalina.startup.VersionLoggerListener.log CATALINA_HOME:     D:\01-STUDY\20220701\2022년6월시작\jsp\apache-tomcat-10.0.22
25-Jul-2022 11:31:22.918 정보 [main] org.apache.catalina.startup.VersionLoggerListener.log 명령 행 아규먼트:  -Djava.util.logging.config.file=d:\01-STUDY\20220701\2022년6월시작\jsp\apache-tomcat-10.0.22/conf/logging.properties
25-Jul-2022 11:31:22.918 정보 [main] org.apache.catalina.startup.VersionLoggerListener.log 명령 행 아규먼트:  -Djava.util.logging.manager=org.apache.juli.ClassLoaderLogManager
25-Jul-2022 11:31:22.919 정보 [main] org.apache.catalina.startup.VersionLoggerListener.log 명령 행 아규먼트:  -Djdk.tls.ephemeralDHKeySize=2048
25-Jul-2022 11:31:22.919 정보 [main] org.apache.catalina.startup.VersionLoggerListener.log 명령 행 아규먼트:  -Djava.protocol.handler.pkgs=org.apache.catalina.webresources
25-Jul-2022 11:31:22.919 정보 [main] org.apache.catalina.startup.VersionLoggerListener.log 명령 행 아규먼트:  -Dorg.apache.catalina.security.SecurityListener.UMASK=0027
25-Jul-2022 11:31:22.920 정보 [main] org.apache.catalina.startup.VersionLoggerListener.log 명령 행 아규먼트:  -Dcatalina.base=d:\01-STUDY\20220701\2022년6월시작\jsp\apache-tomcat-10.0.22
25-Jul-2022 11:31:22.920 정보 [main] org.apache.catalina.startup.VersionLoggerListener.log 명령 행 아규먼트:  -Dcatalina.home=d:\01-STUDY\20220701\2022년6월시작\jsp\apache-tomcat-10.0.22
25-Jul-2022 11:31:22.924 정보 [main] org.apache.catalina.startup.VersionLoggerListener.log 명령 행 아규먼트:  -Djava.io.tmpdir=d:\01-STUDY\20220701\2022년6월시작\jsp\apache-tomcat-10.0.22/temp
25-Jul-2022 11:31:22.937 정보 [main] org.apache.catalina.core.AprLifecycleListener.lifecycleEvent APR 버전 [1.7.0]을(를) 사용한, APR 기반 Apache Tomcat Native 라이브러리 [1.2.33]을(를) 로드했습니다.
25-Jul-2022 11:31:22.937 정보 [main] org.apache.catalina.core.AprLifecycleListener.lifecycleEvent APR 용량정보들: IPv6 [true], sendfile [true], accept filters [false], random [true], UDS [true].
25-Jul-2022 11:31:22.947 정보 [main] org.apache.catalina.core.AprLifecycleListener.initializeSSL OpenSSL이 성공적으로 초기화되었습니다: [OpenSSL 1.1.1o  3 May 2022]
25-Jul-2022 11:31:23.468 정보 [main] org.apache.coyote.AbstractProtocol.init 프로토콜 핸들러 ["http-nio-80"]을(를) 초기화합니다.
25-Jul-2022 11:31:23.485 심각 [main] org.apache.catalina.util.LifecycleBase.handleSubClassException 구성요소 [Connector[HTTP/1.1-80]]을(를) 초기화하지 못했습니다.
	org.apache.catalina.LifecycleException: 프로토콜 핸들러 초기화가 실패했습니다.
		at org.apache.catalina.connector.Connector.initInternal(Connector.java:1055)
		at org.apache.catalina.util.LifecycleBase.init(LifecycleBase.java:136)
		at org.apache.catalina.core.StandardService.initInternal(StandardService.java:556)
		at org.apache.catalina.util.LifecycleBase.init(LifecycleBase.java:136)
		at org.apache.catalina.core.StandardServer.initInternal(StandardServer.java:1045)
		at org.apache.catalina.util.LifecycleBase.init(LifecycleBase.java:136)
		at org.apache.catalina.startup.Catalina.load(Catalina.java:747)
		at org.apache.catalina.startup.Catalina.load(Catalina.java:769)
		at sun.reflect.NativeMethodAccessorImpl.invoke0(Native Method)
		at sun.reflect.NativeMethodAccessorImpl.invoke(NativeMethodAccessorImpl.java:62)
		at sun.reflect.DelegatingMethodAccessorImpl.invoke(DelegatingMethodAccessorImpl.java:43)
		at java.lang.reflect.Method.invoke(Method.java:498)
		at org.apache.catalina.startup.Bootstrap.load(Bootstrap.java:305)
		at org.apache.catalina.startup.Bootstrap.main(Bootstrap.java:475)
	Caused by: java.net.BindException: Address already in use: bind
		at sun.nio.ch.Net.bind0(Native Method)
		at sun.nio.ch.Net.bind(Net.java:444)
		at sun.nio.ch.Net.bind(Net.java:436)
		at sun.nio.ch.ServerSocketChannelImpl.bind(ServerSocketChannelImpl.java:225)
		at org.apache.tomcat.util.net.NioEndpoint.initServerSocket(NioEndpoint.java:245)
		at org.apache.tomcat.util.net.NioEndpoint.bind(NioEndpoint.java:200)
		at org.apache.tomcat.util.net.AbstractEndpoint.bindWithCleanup(AbstractEndpoint.java:1192)
		at org.apache.tomcat.util.net.AbstractEndpoint.init(AbstractEndpoint.java:1205)
		at org.apache.coyote.AbstractProtocol.init(AbstractProtocol.java:580)
		at org.apache.coyote.http11.AbstractHttp11Protocol.init(AbstractHttp11Protocol.java:82)
		at org.apache.catalina.connector.Connector.initInternal(Connector.java:1052)
		... 13 more
25-Jul-2022 11:31:23.485 정보 [main] org.apache.catalina.startup.Catalina.load [829] 밀리초 내에 서버가 초기화되었습니다.
25-Jul-2022 11:31:23.537 정보 [main] org.apache.catalina.core.StandardService.startInternal 서비스 [Catalina]을(를) 시작합니다.
25-Jul-2022 11:31:23.537 정보 [main] org.apache.catalina.core.StandardEngine.startInternal 서버 엔진을 시작합니다: [Apache Tomcat/10.0.22]
25-Jul-2022 11:31:23.552 정보 [main] org.apache.catalina.startup.HostConfig.deployDirectory 웹 애플리케이션 디렉토리 [D:\01-STUDY\20220701\2022년6월시작\jsp\apache-tomcat-10.0.22\webapps\docs]을(를) 배치합니다.
25-Jul-2022 11:31:23.913 정보 [main] org.apache.catalina.startup.HostConfig.deployDirectory 웹 애플리케이션 디렉토리 [D:\01-STUDY\20220701\2022년6월시작\jsp\apache-tomcat-10.0.22\webapps\docs]에 대한 배치가 [359] 밀리초에 완료되었습니다.
25-Jul-2022 11:31:23.913 정보 [main] org.apache.catalina.startup.HostConfig.deployDirectory 웹 애플리케이션 디렉토리 [D:\01-STUDY\20220701\2022년6월시작\jsp\apache-tomcat-10.0.22\webapps\examples]을(를) 배치합니다.
25-Jul-2022 11:31:24.434 정보 [main] org.apache.catalina.startup.HostConfig.deployDirectory 웹 애플리케이션 디렉토리 [D:\01-STUDY\20220701\2022년6월시작\jsp\apache-tomcat-10.0.22\webapps\examples]에 대한 배치가 [521] 밀리초에 완료되었습니다.
25-Jul-2022 11:31:24.434 정보 [main] org.apache.catalina.startup.HostConfig.deployDirectory 웹 애플리케이션 디렉토리 [D:\01-STUDY\20220701\2022년6월시작\jsp\apache-tomcat-10.0.22\webapps\host-manager]을(를) 배치합니다.
25-Jul-2022 11:31:24.483 정보 [main] org.apache.catalina.startup.HostConfig.deployDirectory 웹 애플리케이션 디렉토리 [D:\01-STUDY\20220701\2022년6월시작\jsp\apache-tomcat-10.0.22\webapps\host-manager]에 대한 배치가 [49] 밀리초에 완료되었습니다.
25-Jul-2022 11:31:24.483 정보 [main] org.apache.catalina.startup.HostConfig.deployDirectory 웹 애플리케이션 디렉토리 [D:\01-STUDY\20220701\2022년6월시작\jsp\apache-tomcat-10.0.22\webapps\manager]을(를) 배치합니다.
25-Jul-2022 11:31:24.531 정보 [main] org.apache.catalina.startup.HostConfig.deployDirectory 웹 애플리케이션 디렉토리 [D:\01-STUDY\20220701\2022년6월시작\jsp\apache-tomcat-10.0.22\webapps\manager]에 대한 배치가 [48] 밀리초에 완료되었습니다.
25-Jul-2022 11:31:24.531 정보 [main] org.apache.catalina.startup.HostConfig.deployDirectory 웹 애플리케이션 디렉토리 [D:\01-STUDY\20220701\2022년6월시작\jsp\apache-tomcat-10.0.22\webapps\ROOT]을(를) 배치합니다.
25-Jul-2022 11:31:24.565 정보 [main] org.apache.catalina.startup.HostConfig.deployDirectory 웹 애플리케이션 디렉토리 [D:\01-STUDY\20220701\2022년6월시작\jsp\apache-tomcat-10.0.22\webapps\ROOT]에 대한 배치가 [34] 밀리초에 완료되었습니다.
25-Jul-2022 11:31:24.565 정보 [main] org.apache.catalina.startup.HostConfig.deployDirectory 웹 애플리케이션 디렉토리 [D:\01-STUDY\20220701\2022년6월시작\jsp\apache-tomcat-10.0.22\webapps\sample.war]을(를) 배치합니다.
25-Jul-2022 11:31:24.591 정보 [main] org.apache.catalina.startup.HostConfig.deployDirectory 웹 애플리케이션 디렉토리 [D:\01-STUDY\20220701\2022년6월시작\jsp\apache-tomcat-10.0.22\webapps\sample.war]에 대한 배치가 [26] 밀리초에 완료되었습니다.
25-Jul-2022 11:31:24.606 정보 [main] org.apache.catalina.startup.Catalina.start 서버가 [1111] 밀리초 내에 시작되었습니다.
