25-Jul-2022 10:33:30.781 정보 [main] org.apache.catalina.core.ApplicationContext.log ContextListener: contextInitialized()
25-Jul-2022 10:33:30.782 정보 [main] org.apache.catalina.core.ApplicationContext.log SessionListener: contextInitialized()
25-Jul-2022 10:33:30.788 정보 [main] org.apache.catalina.core.ApplicationContext.log ContextListener: attributeAdded('StockTicker', 'async.Stockticker@4a668b6e')
25-Jul-2022 10:33:39.849 정보 [main] org.apache.catalina.core.ApplicationContext.log SessionListener: contextDestroyed()
25-Jul-2022 10:33:39.849 정보 [main] org.apache.catalina.core.ApplicationContext.log ContextListener: contextDestroyed()
25-Jul-2022 10:36:21.847 정보 [main] org.apache.catalina.core.ApplicationContext.log ContextListener: contextInitialized()
25-Jul-2022 10:36:21.847 정보 [main] org.apache.catalina.core.ApplicationContext.log SessionListener: contextInitialized()
25-Jul-2022 10:36:21.847 정보 [main] org.apache.catalina.core.ApplicationContext.log ContextListener: attributeAdded('StockTicker', 'async.Stockticker@4a668b6e')
25-Jul-2022 10:37:00.024 정보 [main] org.apache.catalina.core.ApplicationContext.log SessionListener: contextDestroyed()
25-Jul-2022 10:37:00.025 정보 [main] org.apache.catalina.core.ApplicationContext.log ContextListener: contextDestroyed()
25-Jul-2022 10:40:32.608 정보 [main] org.apache.catalina.core.ApplicationContext.log ContextListener: contextInitialized()
25-Jul-2022 10:40:32.608 정보 [main] org.apache.catalina.core.ApplicationContext.log SessionListener: contextInitialized()
25-Jul-2022 10:40:32.608 정보 [main] org.apache.catalina.core.ApplicationContext.log ContextListener: attributeAdded('StockTicker', 'async.Stockticker@4f67eb2a')
25-Jul-2022 10:46:35.295 정보 [main] org.apache.catalina.core.ApplicationContext.log SessionListener: contextDestroyed()
25-Jul-2022 10:46:35.295 정보 [main] org.apache.catalina.core.ApplicationContext.log ContextListener: contextDestroyed()
25-Jul-2022 10:49:59.185 정보 [main] org.apache.catalina.core.ApplicationContext.log ContextListener: contextInitialized()
25-Jul-2022 10:49:59.185 정보 [main] org.apache.catalina.core.ApplicationContext.log SessionListener: contextInitialized()
25-Jul-2022 10:49:59.185 정보 [main] org.apache.catalina.core.ApplicationContext.log ContextListener: attributeAdded('StockTicker', 'async.Stockticker@4a668b6e')
25-Jul-2022 11:01:00.528 정보 [main] org.apache.catalina.core.ApplicationContext.log SessionListener: contextDestroyed()
25-Jul-2022 11:01:00.528 정보 [main] org.apache.catalina.core.ApplicationContext.log ContextListener: contextDestroyed()
25-Jul-2022 11:01:54.406 정보 [main] org.apache.catalina.core.ApplicationContext.log ContextListener: contextInitialized()
25-Jul-2022 11:01:54.406 정보 [main] org.apache.catalina.core.ApplicationContext.log SessionListener: contextInitialized()
25-Jul-2022 11:01:54.418 정보 [main] org.apache.catalina.core.ApplicationContext.log ContextListener: attributeAdded('StockTicker', 'async.Stockticker@4a668b6e')
25-Jul-2022 11:04:36.349 정보 [main] org.apache.catalina.core.ApplicationContext.log ContextListener: contextInitialized()
25-Jul-2022 11:04:36.349 정보 [main] org.apache.catalina.core.ApplicationContext.log SessionListener: contextInitialized()
25-Jul-2022 11:04:36.365 정보 [main] org.apache.catalina.core.ApplicationContext.log ContextListener: attributeAdded('StockTicker', 'async.Stockticker@4a668b6e')
25-Jul-2022 11:06:43.922 정보 [main] org.apache.catalina.core.ApplicationContext.log ContextListener: contextInitialized()
25-Jul-2022 11:06:43.923 정보 [main] org.apache.catalina.core.ApplicationContext.log SessionListener: contextInitialized()
25-Jul-2022 11:06:43.925 정보 [main] org.apache.catalina.core.ApplicationContext.log ContextListener: attributeAdded('StockTicker', 'async.Stockticker@4a668b6e')
25-Jul-2022 11:31:24.402 정보 [main] org.apache.catalina.core.ApplicationContext.log ContextListener: contextInitialized()
25-Jul-2022 11:31:24.402 정보 [main] org.apache.catalina.core.ApplicationContext.log SessionListener: contextInitialized()
25-Jul-2022 11:31:24.402 정보 [main] org.apache.catalina.core.ApplicationContext.log ContextListener: attributeAdded('StockTicker', 'async.Stockticker@41c2284a')
